/bin/bash: /Users/matiassancari/Downloads/autoedit/pump-content-studio/auto-deploy.sh: Operation not permitted
/bin/bash: /Users/matiassancari/Downloads/autoedit/pump-content-studio/auto-deploy.sh: Operation not permitted
/bin/bash: /Users/matiassancari/Downloads/autoedit/pump-content-studio/auto-deploy.sh: Operation not permitted
/bin/bash: /Users/matiassancari/Downloads/autoedit/pump-content-studio/auto-deploy.sh: Operation not permitted
[main a15ecca] auto 16/04 13:26
 Committer: Matias Sancari <matiassancari@Mac-mini-de-Matias.local>
Your name and email address were configured automatically based
on your username and hostname. Please check that they are accurate.
You can suppress this message by setting them explicitly. Run the
following command and follow the instructions in your editor to edit
your configuration file:

    git config --global --edit

After doing this, you may fix the identity used for this commit with:

    git commit --amend --reset-author

 3 files changed, 17 insertions(+)
 create mode 100644 .DS_Store
 create mode 100644 .autodeploy.log
 create mode 100755 auto-deploy.sh
[main 0b888cb] auto 16/04 13:26
 Committer: Matias Sancari <matiassancari@Mac-mini-de-Matias.local>
Your name and email address were configured automatically based
on your username and hostname. Please check that they are accurate.
You can suppress this message by setting them explicitly. Run the
following command and follow the instructions in your editor to edit
your configuration file:

    git config --global --edit

After doing this, you may fix the identity used for this commit with:

    git commit --amend --reset-author

 2 files changed, 18 insertions(+)
